\BOOKMARK [1][-]{section.1}{Introduction}{}% 1
\BOOKMARK [1][-]{section.2}{Previous Work}{}% 2
\BOOKMARK [1][-]{section.3}{Background}{}% 3
\BOOKMARK [2][-]{subsection.3.1}{Hardware counter registers}{section.3}% 4
\BOOKMARK [2][-]{subsection.3.2}{Execution/Dynamic Matching}{section.3}% 5
\BOOKMARK [1][-]{section.4}{Methodology}{}% 6
\BOOKMARK [2][-]{subsection.4.1}{Finding Valid Input}{section.4}% 7
\BOOKMARK [3][-]{subsubsection.4.1.1}{Finding Desired Input Size}{subsection.4.1}% 8
\BOOKMARK [3][-]{subsubsection.4.1.2}{Categorizing Input}{subsection.4.1}% 9
\BOOKMARK [2][-]{subsection.4.2}{Generating Protocol State Machine}{section.4}% 10
\BOOKMARK [1][-]{section.5}{Evaluation and Results}{}% 11
\BOOKMARK [2][-]{subsection.5.1}{Finding Input, Input Size and Classifying Input}{section.5}% 12
\BOOKMARK [2][-]{subsection.5.2}{Protocol State Machine Generation}{section.5}% 13
\BOOKMARK [2][-]{subsection.5.3}{Case Study}{section.5}% 14
\BOOKMARK [1][-]{section.6}{Future Work and Limitations}{}% 15
\BOOKMARK [1][-]{section.7}{Conclusions}{}% 16
\BOOKMARK [1][-]{section.8}{Acknowledgments}{}% 17
\BOOKMARK [1][-]{section.9}{References}{}% 18
\BOOKMARK [1][-]{appendix.A}{Input Validation Code Snippets}{}% 19
\BOOKMARK [2][-]{subsection.A.1}{Example 1}{appendix.A}% 20
\BOOKMARK [2][-]{subsection.A.2}{Example 2}{appendix.A}% 21
